<?xml version="1.0" encoding="UTF-8"?>
<!-- Generated by org.testng.reporters.JUnitReportReporter -->
<testsuite hostname="selvakumarsMini" failures="0" tests="2" name="testcases.TextPage_Test" time="20.173" errors="1" timestamp="30 Jan 2024 18:28:33 GMT" skipped="1">
  <testcase classname="testcases.TextPage_Test" name="verify_TextMenu_Screen" time="0.000">
    <skipped/>
  </testcase> <!-- verify_TextMenu_Screen -->
  <testcase classname="testcases.TextPage_Test" name="launchApp" time="20.173">
    <error message="Could not start a new session. Response code 500. Message: An unknown server-side error occurred while processing the command. Original error: Unable to uninstall APK. Original error: Error executing adbExec. Original error: &#039;Command &#039;/Users/elaiyaperumal/Library/Android/sdk/platform-tools/adb -P 5037 -s emulator-5554 uninstall io.appium.android.apis&#039; exited with code 1&#039;; Command output: Failure [DELETE_FAILED_INTERNAL_ERROR]
 
Host info: host: &#039;selvakumarsMini&#039;, ip: &#039;192.168.0.9&#039;
Build info: version: &#039;4.17.0&#039;, revision: &#039;e52b1be057*&#039;
System info: os.name: &#039;Mac OS X&#039;, os.arch: &#039;x86_64&#039;, os.version: &#039;12.7.1&#039;, java.version: &#039;11.0.18&#039;
Driver info: io.appium.java_client.android.AndroidDriver
Command: [null, newSession {capabilities=[{appium:deviceName=emulator-5556, platformName=ANDROID, appium:automationName=UiAutomator2, appium:fullReset=true, appium:app=/Users/elaiyaperumal/Documents/Workspace/Appium_Workspace/AppiumParallel/apps/ApiDemos-debug.apk}], desiredCapabilities=Capabilities {appium:app: /Users/elaiyaperumal/Docume..., appium:automationName: UiAutomator2, appium:deviceName: emulator-5556, appium:fullReset: true, platformName: ANDROID}}]
Capabilities {appium:app: /Users/elaiyaperumal/Docume..., appium:automationName: UiAutomator2, appium:deviceName: emulator-5556, appium:fullReset: true, platformName: ANDROID}" type="org.openqa.selenium.SessionNotCreatedException">
      <![CDATA[org.openqa.selenium.SessionNotCreatedException: Could not start a new session. Response code 500. Message: An unknown server-side error occurred while processing the command. Original error: Unable to uninstall APK. Original error: Error executing adbExec. Original error: 'Command '/Users/elaiyaperumal/Library/Android/sdk/platform-tools/adb -P 5037 -s emulator-5554 uninstall io.appium.android.apis' exited with code 1'; Command output: Failure [DELETE_FAILED_INTERNAL_ERROR]
 
Host info: host: 'selvakumarsMini', ip: '192.168.0.9'
Build info: version: '4.17.0', revision: 'e52b1be057*'
System info: os.name: 'Mac OS X', os.arch: 'x86_64', os.version: '12.7.1', java.version: '11.0.18'
Driver info: io.appium.java_client.android.AndroidDriver
Command: [null, newSession {capabilities=[{appium:deviceName=emulator-5556, platformName=ANDROID, appium:automationName=UiAutomator2, appium:fullReset=true, appium:app=/Users/elaiyaperumal/Documents/Workspace/Appium_Workspace/AppiumParallel/apps/ApiDemos-debug.apk}], desiredCapabilities=Capabilities {appium:app: /Users/elaiyaperumal/Docume..., appium:automationName: UiAutomator2, appium:deviceName: emulator-5556, appium:fullReset: true, platformName: ANDROID}}]
Capabilities {appium:app: /Users/elaiyaperumal/Docume..., appium:automationName: UiAutomator2, appium:deviceName: emulator-5556, appium:fullReset: true, platformName: ANDROID}
at org.openqa.selenium.remote.ProtocolHandshake.createSession(ProtocolHandshake.java:139)
at java.base/jdk.internal.reflect.NativeMethodAccessorImpl.invoke0(Native Method)
at java.base/jdk.internal.reflect.NativeMethodAccessorImpl.invoke(NativeMethodAccessorImpl.java:62)
at java.base/jdk.internal.reflect.DelegatingMethodAccessorImpl.invoke(DelegatingMethodAccessorImpl.java:43)
at java.base/java.lang.reflect.Method.invoke(Method.java:566)
at io.appium.java_client.remote.AppiumProtocolHandshake.createSession(AppiumProtocolHandshake.java:133)
at io.appium.java_client.remote.AppiumProtocolHandshake.createSession(AppiumProtocolHandshake.java:102)
at io.appium.java_client.remote.AppiumCommandExecutor.createSession(AppiumCommandExecutor.java:177)
at io.appium.java_client.remote.AppiumCommandExecutor.execute(AppiumCommandExecutor.java:238)
at org.openqa.selenium.remote.RemoteWebDriver.execute(RemoteWebDriver.java:519)
at io.appium.java_client.AppiumDriver.startSession(AppiumDriver.java:268)
at org.openqa.selenium.remote.RemoteWebDriver.<init>(RemoteWebDriver.java:162)
at io.appium.java_client.AppiumDriver.<init>(AppiumDriver.java:90)
at io.appium.java_client.AppiumDriver.<init>(AppiumDriver.java:102)
at io.appium.java_client.android.AndroidDriver.<init>(AndroidDriver.java:109)
at base.MobileApplicationBase.launchApp(MobileApplicationBase.java:62)
at java.base/jdk.internal.reflect.NativeMethodAccessorImpl.invoke0(Native Method)
at java.base/jdk.internal.reflect.NativeMethodAccessorImpl.invoke(NativeMethodAccessorImpl.java:62)
at java.base/jdk.internal.reflect.DelegatingMethodAccessorImpl.invoke(DelegatingMethodAccessorImpl.java:43)
at java.base/java.lang.reflect.Method.invoke(Method.java:566)
at org.testng.internal.MethodInvocationHelper.invokeMethod(MethodInvocationHelper.java:124)
at org.testng.internal.MethodInvocationHelper.invokeMethodConsideringTimeout(MethodInvocationHelper.java:59)
at org.testng.internal.Invoker.invokeConfigurationMethod(Invoker.java:458)
at org.testng.internal.Invoker.invokeConfigurations(Invoker.java:222)
at org.testng.internal.Invoker.invokeMethod(Invoker.java:523)
at org.testng.internal.Invoker.invokeTestMethod(Invoker.java:719)
at org.testng.internal.Invoker.invokeTestMethods(Invoker.java:989)
at org.testng.internal.TestMethodWorker.invokeTestMethods(TestMethodWorker.java:125)
at org.testng.internal.TestMethodWorker.run(TestMethodWorker.java:109)
at org.testng.TestRunner.privateRun(TestRunner.java:648)
at org.testng.TestRunner.run(TestRunner.java:505)
at org.testng.SuiteRunner.runTest(SuiteRunner.java:455)
at org.testng.SuiteRunner.access$000(SuiteRunner.java:40)
at org.testng.SuiteRunner$SuiteWorker.run(SuiteRunner.java:489)
at org.testng.internal.thread.ThreadUtil$1.call(ThreadUtil.java:52)
at java.base/java.util.concurrent.FutureTask.run(FutureTask.java:264)
at java.base/java.util.concurrent.ThreadPoolExecutor.runWorker(ThreadPoolExecutor.java:1128)
at java.base/java.util.concurrent.ThreadPoolExecutor$Worker.run(ThreadPoolExecutor.java:628)
at java.base/java.lang.Thread.run(Thread.java:834)
]]>
    </error>
  </testcase> <!-- launchApp -->
</testsuite> <!-- testcases.TextPage_Test -->
